<?xml version="1.0" encoding="utf-8"?>
<coverage line-rate="0.9677" branch-rate="0.8636" version="1.9" timestamp="1670713508" lines-covered="450" lines-valid="465" branches-covered="19" branches-valid="22">
  <sources>
    <source>C:\Users\omar.sedano\</source>
  </sources>
  <packages>
    <package name="VendingMachineApp" line-rate="0.9537" branch-rate="0.8636" complexity="96">
      <classes>
        <class name="VendingMachineApp.Program/&lt;Main&gt;d__0" filename="source\repos\VendingMachineApp\VendingMachineApp\Program.cs" line-rate="0" branch-rate="1" complexity="1">
          <methods>
            <method name="MoveNext" signature="()" line-rate="0" branch-rate="1" complexity="1">
              <lines>
                <line number="14" hits="0" branch="False" />
                <line number="16" hits="0" branch="False" />
                <line number="20" hits="0" branch="False" />
                <line number="21" hits="0" branch="False" />
                <line number="22" hits="0" branch="False" />
                <line number="23" hits="0" branch="False" />
                <line number="24" hits="0" branch="False" />
                <line number="25" hits="0" branch="False" />
              </lines>
            </method>
          </methods>
          <lines>
            <line number="14" hits="0" branch="False" />
            <line number="16" hits="0" branch="False" />
            <line number="20" hits="0" branch="False" />
            <line number="21" hits="0" branch="False" />
            <line number="22" hits="0" branch="False" />
            <line number="23" hits="0" branch="False" />
            <line number="24" hits="0" branch="False" />
            <line number="25" hits="0" branch="False" />
          </lines>
        </class>
        <class name="VendingMachineApp.ReadModel.QueryHandlers.VendingMachineByIdQueryHandler" filename="source\repos\VendingMachineApp\VendingMachineApp\ReadModel\QueryHandlers\VendingMachineByIdQueryHandler.cs" line-rate="1" branch-rate="1" complexity="1">
          <methods>
            <method name=".ctor" signature="(EventFlow.Queries.IQueryProcessor)" line-rate="1" branch-rate="1" complexity="1">
              <lines>
                <line number="14" hits="5" branch="False" />
                <line number="15" hits="5" branch="False" />
                <line number="16" hits="5" branch="False" />
                <line number="17" hits="5" branch="False" />
              </lines>
            </method>
          </methods>
          <lines>
            <line number="14" hits="5" branch="False" />
            <line number="15" hits="5" branch="False" />
            <line number="16" hits="5" branch="False" />
            <line number="17" hits="5" branch="False" />
          </lines>
        </class>
        <class name="VendingMachineApp.ReadModel.QueryHandlers.VendingMachineByIdQueryHandler/&lt;ExecuteQueryAsync&gt;d__2" filename="source\repos\VendingMachineApp\VendingMachineApp\ReadModel\QueryHandlers\VendingMachineByIdQueryHandler.cs" line-rate="1" branch-rate="1" complexity="1">
          <methods>
            <method name="MoveNext" signature="()" line-rate="1" branch-rate="1" complexity="1">
              <lines>
                <line number="20" hits="2" branch="False" />
                <line number="21" hits="2" branch="False" />
                <line number="22" hits="2" branch="False" />
              </lines>
            </method>
          </methods>
          <lines>
            <line number="20" hits="2" branch="False" />
            <line number="21" hits="2" branch="False" />
            <line number="22" hits="2" branch="False" />
          </lines>
        </class>
        <class name="VendingMachineApp.ReadModel.Queries.VendingMachineByIdQuery" filename="source\repos\VendingMachineApp\VendingMachineApp\ReadModel\Queries\VendingMachineByIdQuery.cs" line-rate="0.75" branch-rate="0.5" complexity="3">
          <methods>
            <method name="get_VendingMachineId" signature="()" line-rate="1" branch-rate="1" complexity="1">
              <lines>
                <line number="10" hits="2" branch="False" />
              </lines>
            </method>
            <method name=".ctor" signature="(System.String)" line-rate="0.7142000000000001" branch-rate="0.5" complexity="2">
              <lines>
                <line number="12" hits="2" branch="False" />
                <line number="13" hits="2" branch="False" />
                <line number="14" hits="2" branch="True" condition-coverage="50% (1/2)">
                  <conditions>
                    <condition number="16" type="jump" coverage="50%" />
                  </conditions>
                </line>
                <line number="15" hits="0" branch="False" />
                <line number="16" hits="0" branch="False" />
                <line number="19" hits="2" branch="False" />
                <line number="20" hits="2" branch="False" />
              </lines>
            </method>
          </methods>
          <lines>
            <line number="10" hits="2" branch="False" />
            <line number="12" hits="2" branch="False" />
            <line number="13" hits="2" branch="False" />
            <line number="14" hits="2" branch="True" condition-coverage="50% (1/2)">
              <conditions>
                <condition number="16" type="jump" coverage="50%" />
              </conditions>
            </line>
            <line number="15" hits="0" branch="False" />
            <line number="16" hits="0" branch="False" />
            <line number="19" hits="2" branch="False" />
            <line number="20" hits="2" branch="False" />
          </lines>
        </class>
        <class name="VendingMachineApp.ReadModel.Models.CoinsInfoModel" filename="source\repos\VendingMachineApp\VendingMachineApp\ReadModel\Models\CoinsInfoModel.cs" line-rate="1" branch-rate="1" complexity="2">
          <methods>
            <method name="get_Coin" signature="()" line-rate="1" branch-rate="1" complexity="1">
              <lines>
                <line number="5" hits="104" branch="False" />
              </lines>
            </method>
            <method name="get_Quantity" signature="()" line-rate="1" branch-rate="1" complexity="1">
              <lines>
                <line number="6" hits="80" branch="False" />
              </lines>
            </method>
          </methods>
          <lines>
            <line number="5" hits="104" branch="False" />
            <line number="6" hits="80" branch="False" />
          </lines>
        </class>
        <class name="VendingMachineApp.ReadModel.Models.ProductModel" filename="source\repos\VendingMachineApp\VendingMachineApp\ReadModel\Models\ProductModel.cs" line-rate="1" branch-rate="1" complexity="4">
          <methods>
            <method name="get_Id" signature="()" line-rate="1" branch-rate="1" complexity="1">
              <lines>
                <line number="6" hits="17" branch="False" />
              </lines>
            </method>
            <method name="get_Name" signature="()" line-rate="1" branch-rate="1" complexity="1">
              <lines>
                <line number="8" hits="16" branch="False" />
              </lines>
            </method>
            <method name="get_Price" signature="()" line-rate="1" branch-rate="1" complexity="1">
              <lines>
                <line number="10" hits="16" branch="False" />
              </lines>
            </method>
            <method name="get_Quantity" signature="()" line-rate="1" branch-rate="1" complexity="1">
              <lines>
                <line number="12" hits="17" branch="False" />
              </lines>
            </method>
          </methods>
          <lines>
            <line number="6" hits="17" branch="False" />
            <line number="8" hits="16" branch="False" />
            <line number="10" hits="16" branch="False" />
            <line number="12" hits="17" branch="False" />
          </lines>
        </class>
        <class name="VendingMachineApp.ReadModel.Models.VendingMachineReadModel" filename="source\repos\VendingMachineApp\VendingMachineApp\ReadModel\Models\VendingMachineReadModel.cs" line-rate="1" branch-rate="1" complexity="9">
          <methods>
            <method name="get_AggregateId" signature="()" line-rate="1" branch-rate="1" complexity="1">
              <lines>
                <line number="18" hits="3" branch="False" />
              </lines>
            </method>
            <method name="get_Products" signature="()" line-rate="1" branch-rate="1" complexity="1">
              <lines>
                <line number="20" hits="5" branch="False" />
              </lines>
            </method>
            <method name="get_WalletCoins" signature="()" line-rate="1" branch-rate="1" complexity="1">
              <lines>
                <line number="22" hits="8" branch="False" />
              </lines>
            </method>
            <method name="get_InsertedCoins" signature="()" line-rate="1" branch-rate="1" complexity="1">
              <lines>
                <line number="24" hits="19" branch="False" />
              </lines>
            </method>
            <method name="get_ChangeCoins" signature="()" line-rate="1" branch-rate="1" complexity="1">
              <lines>
                <line number="26" hits="5" branch="False" />
              </lines>
            </method>
            <method name="Apply" signature="(EventFlow.ReadStores.IReadModelContext,EventFlow.Aggregates.IDomainEvent`3&lt;VendingMachineApp.Domain.VendingMachineAggregate,VendingMachineApp.Domain.VendingMachineId,VendingMachineApp.Domain.Events.CoinInsertedEvent&gt;)" line-rate="1" branch-rate="1" complexity="1">
              <lines>
                <line number="30" hits="6" branch="False" />
                <line number="31" hits="6" branch="False" />
                <line number="32" hits="6" branch="False" />
              </lines>
            </method>
            <method name="Apply" signature="(EventFlow.ReadStores.IReadModelContext,EventFlow.Aggregates.IDomainEvent`3&lt;VendingMachineApp.Domain.VendingMachineAggregate,VendingMachineApp.Domain.VendingMachineId,VendingMachineApp.Domain.Events.PurchaseCanceledEvent&gt;)" line-rate="1" branch-rate="1" complexity="1">
              <lines>
                <line number="35" hits="1" branch="False" />
                <line number="36" hits="1" branch="False" />
                <line number="37" hits="1" branch="False" />
              </lines>
            </method>
            <method name="Apply" signature="(EventFlow.ReadStores.IReadModelContext,EventFlow.Aggregates.IDomainEvent`3&lt;VendingMachineApp.Domain.VendingMachineAggregate,VendingMachineApp.Domain.VendingMachineId,VendingMachineApp.Domain.Events.ProductSoldEvent&gt;)" line-rate="1" branch-rate="1" complexity="1">
              <lines>
                <line number="40" hits="1" branch="False" />
                <line number="41" hits="1" branch="False" />
                <line number="42" hits="1" branch="False" />
                <line number="43" hits="1" branch="False" />
                <line number="44" hits="1" branch="False" />
                <line number="45" hits="1" branch="False" />
              </lines>
            </method>
            <method name="Apply" signature="(EventFlow.ReadStores.IReadModelContext,EventFlow.Aggregates.IDomainEvent`3&lt;VendingMachineApp.Domain.VendingMachineAggregate,VendingMachineApp.Domain.VendingMachineId,VendingMachineApp.Domain.Events.InitializedEvent&gt;)" line-rate="1" branch-rate="1" complexity="1">
              <lines>
                <line number="48" hits="3" branch="False" />
                <line number="49" hits="3" branch="False" />
                <line number="50" hits="3" branch="False" />
                <line number="51" hits="3" branch="False" />
                <line number="52" hits="3" branch="False" />
                <line number="53" hits="3" branch="False" />
              </lines>
            </method>
          </methods>
          <lines>
            <line number="18" hits="3" branch="False" />
            <line number="20" hits="5" branch="False" />
            <line number="22" hits="8" branch="False" />
            <line number="24" hits="19" branch="False" />
            <line number="26" hits="5" branch="False" />
            <line number="30" hits="6" branch="False" />
            <line number="31" hits="6" branch="False" />
            <line number="32" hits="6" branch="False" />
            <line number="35" hits="1" branch="False" />
            <line number="36" hits="1" branch="False" />
            <line number="37" hits="1" branch="False" />
            <line number="40" hits="1" branch="False" />
            <line number="41" hits="1" branch="False" />
            <line number="42" hits="1" branch="False" />
            <line number="43" hits="1" branch="False" />
            <line number="44" hits="1" branch="False" />
            <line number="45" hits="1" branch="False" />
            <line number="48" hits="3" branch="False" />
            <line number="49" hits="3" branch="False" />
            <line number="50" hits="3" branch="False" />
            <line number="51" hits="3" branch="False" />
            <line number="52" hits="3" branch="False" />
            <line number="53" hits="3" branch="False" />
          </lines>
        </class>
        <class name="VendingMachineApp.ReadModel.Models.Mappers.ReadModelMapper" filename="source\repos\VendingMachineApp\VendingMachineApp\ReadModel\Models\Mappers\ReadModelMapper.cs" line-rate="1" branch-rate="1" complexity="2">
          <methods>
            <method name="Map" signature="(VendingMachineApp.Domain.Entities.Product)" line-rate="1" branch-rate="1" complexity="1">
              <lines>
                <line number="9" hits="16" branch="False" />
                <line number="10" hits="16" branch="False" />
                <line number="11" hits="16" branch="False" />
                <line number="12" hits="16" branch="False" />
                <line number="13" hits="16" branch="False" />
                <line number="14" hits="16" branch="False" />
                <line number="15" hits="16" branch="False" />
                <line number="16" hits="16" branch="False" />
                <line number="17" hits="16" branch="False" />
              </lines>
            </method>
            <method name="Map" signature="(VendingMachineApp.Domain.Entities.CoinsInfo)" line-rate="1" branch-rate="1" complexity="1">
              <lines>
                <line number="20" hits="64" branch="False" />
                <line number="21" hits="64" branch="False" />
                <line number="22" hits="64" branch="False" />
                <line number="23" hits="64" branch="False" />
                <line number="24" hits="64" branch="False" />
                <line number="25" hits="64" branch="False" />
                <line number="26" hits="64" branch="False" />
              </lines>
            </method>
          </methods>
          <lines>
            <line number="9" hits="16" branch="False" />
            <line number="10" hits="16" branch="False" />
            <line number="11" hits="16" branch="False" />
            <line number="12" hits="16" branch="False" />
            <line number="13" hits="16" branch="False" />
            <line number="14" hits="16" branch="False" />
            <line number="15" hits="16" branch="False" />
            <line number="16" hits="16" branch="False" />
            <line number="17" hits="16" branch="False" />
            <line number="20" hits="64" branch="False" />
            <line number="21" hits="64" branch="False" />
            <line number="22" hits="64" branch="False" />
            <line number="23" hits="64" branch="False" />
            <line number="24" hits="64" branch="False" />
            <line number="25" hits="64" branch="False" />
            <line number="26" hits="64" branch="False" />
          </lines>
        </class>
        <class name="VendingMachineApp.Domain.VendingMachineAggregate" filename="source\repos\VendingMachineApp\VendingMachineApp\Domain\VendingMachineAggregate.cs" line-rate="0.9672" branch-rate="0.9" complexity="29">
          <methods>
            <method name="Init" signature="()" line-rate="1" branch-rate="1" complexity="1">
              <lines>
                <line number="37" hits="3" branch="False" />
                <line number="38" hits="3" branch="False" />
                <line number="39" hits="3" branch="False" />
                <line number="40" hits="3" branch="False" />
                <line number="41" hits="3" branch="False" />
                <line number="42" hits="3" branch="False" />
                <line number="43" hits="3" branch="False" />
                <line number="44" hits="3" branch="False" />
                <line number="46" hits="3" branch="False" />
                <line number="47" hits="3" branch="False" />
                <line number="48" hits="3" branch="False" />
                <line number="49" hits="3" branch="False" />
                <line number="50" hits="3" branch="False" />
                <line number="51" hits="3" branch="False" />
                <line number="52" hits="3" branch="False" />
                <line number="54" hits="3" branch="False" />
                <line number="56" hits="3" branch="False" />
                <line number="57" hits="3" branch="False" />
                <line number="58" hits="3" branch="False" />
              </lines>
            </method>
            <method name="InsertCoin" signature="(VendingMachineApp.Domain.Entities.Coin)" line-rate="1" branch-rate="1" complexity="1">
              <lines>
                <line number="62" hits="6" branch="False" />
                <line number="63" hits="6" branch="False" />
                <line number="64" hits="30" branch="False" />
                <line number="65" hits="6" branch="False" />
                <line number="67" hits="6" branch="False" />
                <line number="68" hits="6" branch="False" />
                <line number="69" hits="6" branch="False" />
              </lines>
            </method>
            <method name="CancelPurchase" signature="()" line-rate="1" branch-rate="1" complexity="1">
              <lines>
                <line number="72" hits="1" branch="False" />
                <line number="73" hits="1" branch="False" />
                <line number="74" hits="1" branch="False" />
                <line number="75" hits="1" branch="False" />
                <line number="76" hits="1" branch="False" />
              </lines>
            </method>
            <method name="SellProduct" signature="(System.Int32)" line-rate="0.7777" branch-rate="0.6666" complexity="6">
              <lines>
                <line number="79" hits="2" branch="False" />
                <line number="80" hits="5" branch="False" />
                <line number="81" hits="2" branch="True" condition-coverage="50% (1/2)">
                  <conditions>
                    <condition number="46" type="jump" coverage="50%" />
                  </conditions>
                </line>
                <line number="82" hits="0" branch="False" />
                <line number="83" hits="0" branch="False" />
                <line number="86" hits="2" branch="True" condition-coverage="50% (1/2)">
                  <conditions>
                    <condition number="127" type="jump" coverage="50%" />
                  </conditions>
                </line>
                <line number="87" hits="0" branch="False" />
                <line number="88" hits="0" branch="False" />
                <line number="91" hits="10" branch="False" />
                <line number="92" hits="2" branch="True" condition-coverage="100% (2/2)">
                  <conditions>
                    <condition number="215" type="jump" coverage="100%" />
                  </conditions>
                </line>
                <line number="93" hits="1" branch="False" />
                <line number="94" hits="1" branch="False" />
                <line number="97" hits="1" branch="False" />
                <line number="99" hits="1" branch="False" />
                <line number="100" hits="2" branch="False" />
                <line number="102" hits="1" branch="False" />
                <line number="103" hits="1" branch="False" />
                <line number="104" hits="2" branch="False" />
              </lines>
            </method>
            <method name="GetEmptyInsertedCoins" signature="()" line-rate="1" branch-rate="1" complexity="1">
              <lines>
                <line number="112" hits="5" branch="False" />
                <line number="113" hits="5" branch="False" />
                <line number="114" hits="5" branch="False" />
                <line number="115" hits="5" branch="False" />
                <line number="116" hits="5" branch="False" />
                <line number="117" hits="5" branch="False" />
                <line number="118" hits="5" branch="False" />
                <line number="119" hits="5" branch="False" />
                <line number="120" hits="5" branch="False" />
              </lines>
            </method>
            <method name="GetCoinsResult" signature="(System.Decimal,System.Decimal)" line-rate="1" branch-rate="1" complexity="12">
              <lines>
                <line number="123" hits="1" branch="False" />
                <line number="124" hits="1" branch="False" />
                <line number="125" hits="1" branch="False" />
                <line number="126" hits="1" branch="False" />
                <line number="127" hits="1" branch="False" />
                <line number="128" hits="1" branch="False" />
                <line number="129" hits="1" branch="False" />
                <line number="130" hits="1" branch="False" />
                <line number="132" hits="1" branch="False" />
                <line number="133" hits="5" branch="False" />
                <line number="134" hits="1" branch="True" condition-coverage="100% (2/2)">
                  <conditions>
                    <condition number="150" type="jump" coverage="100%" />
                  </conditions>
                </line>
                <line number="135" hits="1" branch="False" />
                <line number="136" hits="1" branch="False" />
                <line number="137" hits="8" branch="True" condition-coverage="100% (2/2)">
                  <conditions>
                    <condition number="408" type="jump" coverage="100%" />
                  </conditions>
                </line>
                <line number="138" hits="3" branch="False" />
                <line number="140" hits="8" branch="True" condition-coverage="100% (2/2)">
                  <conditions>
                    <condition number="374" type="jump" coverage="100%" />
                  </conditions>
                </line>
                <line number="141" hits="4" branch="False" />
                <line number="142" hits="4" branch="True" condition-coverage="100% (2/2)">
                  <conditions>
                    <condition number="232" type="jump" coverage="100%" />
                  </conditions>
                </line>
                <line number="143" hits="3" branch="False" />
                <line number="144" hits="3" branch="False" />
                <line number="146" hits="1" branch="False" />
                <line number="147" hits="1" branch="False" />
                <line number="149" hits="3" branch="True" condition-coverage="100% (2/2)">
                  <conditions>
                    <condition number="296" type="jump" coverage="100%" />
                  </conditions>
                </line>
                <line number="150" hits="1" branch="False" />
                <line number="151" hits="1" branch="False" />
                <line number="153" hits="3" branch="True" condition-coverage="100% (2/2)">
                  <conditions>
                    <condition number="395" type="jump" coverage="100%" />
                  </conditions>
                </line>
                <line number="154" hits="1" branch="False" />
                <line number="155" hits="1" branch="False" />
                <line number="157" hits="2" branch="False" />
                <line number="158" hits="1" branch="False" />
                <line number="160" hits="1" branch="False" />
                <line number="162" hits="1" branch="False" />
                <line number="163" hits="1" branch="False" />
              </lines>
            </method>
            <method name="GetVendingCoins" signature="()" line-rate="1" branch-rate="1" complexity="2">
              <lines>
                <line number="166" hits="1" branch="False" />
                <line number="167" hits="1" branch="False" />
                <line number="168" hits="11" branch="True" condition-coverage="100% (2/2)">
                  <conditions>
                    <condition number="95" type="jump" coverage="100%" />
                  </conditions>
                </line>
                <line number="169" hits="4" branch="False" />
                <line number="170" hits="14" branch="False" />
                <line number="171" hits="4" branch="False" />
                <line number="172" hits="4" branch="False" />
                <line number="174" hits="1" branch="False" />
                <line number="175" hits="1" branch="False" />
              </lines>
            </method>
            <method name="Apply" signature="(VendingMachineApp.Domain.Events.InitializedEvent)" line-rate="1" branch-rate="1" complexity="1">
              <lines>
                <line number="183" hits="12" branch="False" />
                <line number="184" hits="12" branch="False" />
                <line number="185" hits="12" branch="False" />
                <line number="186" hits="12" branch="False" />
                <line number="187" hits="12" branch="False" />
              </lines>
            </method>
            <method name="Apply" signature="(VendingMachineApp.Domain.Events.CoinInsertedEvent)" line-rate="1" branch-rate="1" complexity="1">
              <lines>
                <line number="190" hits="15" branch="False" />
                <line number="191" hits="15" branch="False" />
                <line number="192" hits="15" branch="False" />
              </lines>
            </method>
            <method name="Apply" signature="(VendingMachineApp.Domain.Events.PurchaseCanceledEvent)" line-rate="1" branch-rate="1" complexity="1">
              <lines>
                <line number="195" hits="1" branch="False" />
                <line number="196" hits="1" branch="False" />
                <line number="197" hits="1" branch="False" />
              </lines>
            </method>
            <method name="Apply" signature="(VendingMachineApp.Domain.Events.ProductSoldEvent)" line-rate="1" branch-rate="1" complexity="1">
              <lines>
                <line number="200" hits="1" branch="False" />
                <line number="201" hits="1" branch="False" />
                <line number="202" hits="1" branch="False" />
                <line number="203" hits="1" branch="False" />
                <line number="204" hits="1" branch="False" />
              </lines>
            </method>
            <method name=".ctor" signature="(VendingMachineApp.Domain.VendingMachineId)" line-rate="1" branch-rate="1" complexity="1">
              <lines>
                <line number="23" hits="12" branch="False" />
                <line number="25" hits="12" branch="False" />
                <line number="27" hits="12" branch="False" />
                <line number="30" hits="12" branch="False" />
                <line number="31" hits="12" branch="False" />
                <line number="32" hits="12" branch="False" />
              </lines>
            </method>
          </methods>
          <lines>
            <line number="37" hits="3" branch="False" />
            <line number="38" hits="3" branch="False" />
            <line number="39" hits="3" branch="False" />
            <line number="40" hits="3" branch="False" />
            <line number="41" hits="3" branch="False" />
            <line number="42" hits="3" branch="False" />
            <line number="43" hits="3" branch="False" />
            <line number="44" hits="3" branch="False" />
            <line number="46" hits="3" branch="False" />
            <line number="47" hits="3" branch="False" />
            <line number="48" hits="3" branch="False" />
            <line number="49" hits="3" branch="False" />
            <line number="50" hits="3" branch="False" />
            <line number="51" hits="3" branch="False" />
            <line number="52" hits="3" branch="False" />
            <line number="54" hits="3" branch="False" />
            <line number="56" hits="3" branch="False" />
            <line number="57" hits="3" branch="False" />
            <line number="58" hits="3" branch="False" />
            <line number="62" hits="6" branch="False" />
            <line number="63" hits="6" branch="False" />
            <line number="64" hits="30" branch="False" />
            <line number="65" hits="6" branch="False" />
            <line number="67" hits="6" branch="False" />
            <line number="68" hits="6" branch="False" />
            <line number="69" hits="6" branch="False" />
            <line number="72" hits="1" branch="False" />
            <line number="73" hits="1" branch="False" />
            <line number="74" hits="1" branch="False" />
            <line number="75" hits="1" branch="False" />
            <line number="76" hits="1" branch="False" />
            <line number="79" hits="2" branch="False" />
            <line number="80" hits="5" branch="False" />
            <line number="81" hits="2" branch="True" condition-coverage="50% (1/2)">
              <conditions>
                <condition number="46" type="jump" coverage="50%" />
              </conditions>
            </line>
            <line number="82" hits="0" branch="False" />
            <line number="83" hits="0" branch="False" />
            <line number="86" hits="2" branch="True" condition-coverage="50% (1/2)">
              <conditions>
                <condition number="127" type="jump" coverage="50%" />
              </conditions>
            </line>
            <line number="87" hits="0" branch="False" />
            <line number="88" hits="0" branch="False" />
            <line number="91" hits="10" branch="False" />
            <line number="92" hits="2" branch="True" condition-coverage="100% (2/2)">
              <conditions>
                <condition number="215" type="jump" coverage="100%" />
              </conditions>
            </line>
            <line number="93" hits="1" branch="False" />
            <line number="94" hits="1" branch="False" />
            <line number="97" hits="1" branch="False" />
            <line number="99" hits="1" branch="False" />
            <line number="100" hits="2" branch="False" />
            <line number="102" hits="1" branch="False" />
            <line number="103" hits="1" branch="False" />
            <line number="104" hits="2" branch="False" />
            <line number="112" hits="5" branch="False" />
            <line number="113" hits="5" branch="False" />
            <line number="114" hits="5" branch="False" />
            <line number="115" hits="5" branch="False" />
            <line number="116" hits="5" branch="False" />
            <line number="117" hits="5" branch="False" />
            <line number="118" hits="5" branch="False" />
            <line number="119" hits="5" branch="False" />
            <line number="120" hits="5" branch="False" />
            <line number="123" hits="1" branch="False" />
            <line number="124" hits="1" branch="False" />
            <line number="125" hits="1" branch="False" />
            <line number="126" hits="1" branch="False" />
            <line number="127" hits="1" branch="False" />
            <line number="128" hits="1" branch="False" />
            <line number="129" hits="1" branch="False" />
            <line number="130" hits="1" branch="False" />
            <line number="132" hits="1" branch="False" />
            <line number="133" hits="5" branch="False" />
            <line number="134" hits="1" branch="True" condition-coverage="100% (2/2)">
              <conditions>
                <condition number="150" type="jump" coverage="100%" />
              </conditions>
            </line>
            <line number="135" hits="1" branch="False" />
            <line number="136" hits="1" branch="False" />
            <line number="137" hits="8" branch="True" condition-coverage="100% (2/2)">
              <conditions>
                <condition number="408" type="jump" coverage="100%" />
              </conditions>
            </line>
            <line number="138" hits="3" branch="False" />
            <line number="140" hits="8" branch="True" condition-coverage="100% (2/2)">
              <conditions>
                <condition number="374" type="jump" coverage="100%" />
              </conditions>
            </line>
            <line number="141" hits="4" branch="False" />
            <line number="142" hits="4" branch="True" condition-coverage="100% (2/2)">
              <conditions>
                <condition number="232" type="jump" coverage="100%" />
              </conditions>
            </line>
            <line number="143" hits="3" branch="False" />
            <line number="144" hits="3" branch="False" />
            <line number="146" hits="1" branch="False" />
            <line number="147" hits="1" branch="False" />
            <line number="149" hits="3" branch="True" condition-coverage="100% (2/2)">
              <conditions>
                <condition number="296" type="jump" coverage="100%" />
              </conditions>
            </line>
            <line number="150" hits="1" branch="False" />
            <line number="151" hits="1" branch="False" />
            <line number="153" hits="3" branch="True" condition-coverage="100% (2/2)">
              <conditions>
                <condition number="395" type="jump" coverage="100%" />
              </conditions>
            </line>
            <line number="154" hits="1" branch="False" />
            <line number="155" hits="1" branch="False" />
            <line number="157" hits="2" branch="False" />
            <line number="158" hits="1" branch="False" />
            <line number="160" hits="1" branch="False" />
            <line number="162" hits="1" branch="False" />
            <line number="163" hits="1" branch="False" />
            <line number="166" hits="1" branch="False" />
            <line number="167" hits="1" branch="False" />
            <line number="168" hits="11" branch="True" condition-coverage="100% (2/2)">
              <conditions>
                <condition number="95" type="jump" coverage="100%" />
              </conditions>
            </line>
            <line number="169" hits="4" branch="False" />
            <line number="170" hits="14" branch="False" />
            <line number="171" hits="4" branch="False" />
            <line number="172" hits="4" branch="False" />
            <line number="174" hits="1" branch="False" />
            <line number="175" hits="1" branch="False" />
            <line number="183" hits="12" branch="False" />
            <line number="184" hits="12" branch="False" />
            <line number="185" hits="12" branch="False" />
            <line number="186" hits="12" branch="False" />
            <line number="187" hits="12" branch="False" />
            <line number="190" hits="15" branch="False" />
            <line number="191" hits="15" branch="False" />
            <line number="192" hits="15" branch="False" />
            <line number="195" hits="1" branch="False" />
            <line number="196" hits="1" branch="False" />
            <line number="197" hits="1" branch="False" />
            <line number="200" hits="1" branch="False" />
            <line number="201" hits="1" branch="False" />
            <line number="202" hits="1" branch="False" />
            <line number="203" hits="1" branch="False" />
            <line number="204" hits="1" branch="False" />
            <line number="23" hits="12" branch="False" />
            <line number="25" hits="12" branch="False" />
            <line number="27" hits="12" branch="False" />
            <line number="30" hits="12" branch="False" />
            <line number="31" hits="12" branch="False" />
            <line number="32" hits="12" branch="False" />
          </lines>
        </class>
        <class name="VendingMachineApp.Domain.SellProductCoinsResult" filename="source\repos\VendingMachineApp\VendingMachineApp\Domain\VendingMachineAggregate.cs" line-rate="1" branch-rate="1" complexity="4">
          <methods>
            <method name="get_UpdatedWallet" signature="()" line-rate="1" branch-rate="1" complexity="1">
              <lines>
                <line number="218" hits="1" branch="False" />
              </lines>
            </method>
            <method name="get_Change" signature="()" line-rate="1" branch-rate="1" complexity="1">
              <lines>
                <line number="219" hits="1" branch="False" />
              </lines>
            </method>
            <method name="get_UpdatedInsertedCoins" signature="()" line-rate="1" branch-rate="1" complexity="1">
              <lines>
                <line number="220" hits="1" branch="False" />
              </lines>
            </method>
            <method name=".ctor" signature="(System.Collections.Generic.List`1&lt;VendingMachineApp.Domain.Entities.CoinsInfo&gt;,System.Collections.Generic.List`1&lt;VendingMachineApp.Domain.Entities.CoinsInfo&gt;,System.Collections.Generic.List`1&lt;VendingMachineApp.Domain.Entities.CoinsInfo&gt;)" line-rate="1" branch-rate="1" complexity="1">
              <lines>
                <line number="211" hits="1" branch="False" />
                <line number="212" hits="1" branch="False" />
                <line number="213" hits="1" branch="False" />
                <line number="214" hits="1" branch="False" />
                <line number="215" hits="1" branch="False" />
                <line number="216" hits="1" branch="False" />
              </lines>
            </method>
          </methods>
          <lines>
            <line number="218" hits="1" branch="False" />
            <line number="219" hits="1" branch="False" />
            <line number="220" hits="1" branch="False" />
            <line number="211" hits="1" branch="False" />
            <line number="212" hits="1" branch="False" />
            <line number="213" hits="1" branch="False" />
            <line number="214" hits="1" branch="False" />
            <line number="215" hits="1" branch="False" />
            <line number="216" hits="1" branch="False" />
          </lines>
        </class>
        <class name="VendingMachineApp.Domain.VendingMachineId" filename="source\repos\VendingMachineApp\VendingMachineApp\Domain\VendingMachineId.cs" line-rate="1" branch-rate="1" complexity="1">
          <methods>
            <method name=".ctor" signature="(System.String)" line-rate="1" branch-rate="1" complexity="1">
              <lines>
                <line number="7" hits="32" branch="False" />
                <line number="8" hits="32" branch="False" />
                <line number="9" hits="32" branch="False" />
              </lines>
            </method>
          </methods>
          <lines>
            <line number="7" hits="32" branch="False" />
            <line number="8" hits="32" branch="False" />
            <line number="9" hits="32" branch="False" />
          </lines>
        </class>
        <class name="VendingMachineApp.Domain.Events.CoinInsertedEvent" filename="source\repos\VendingMachineApp\VendingMachineApp\Domain\Events\CoinInsertedEvent.cs" line-rate="1" branch-rate="1" complexity="3">
          <methods>
            <method name="get_Coin" signature="()" line-rate="1" branch-rate="1" complexity="1">
              <lines>
                <line number="15" hits="6" branch="False" />
              </lines>
            </method>
            <method name="get_UpdatedInsertedCoins" signature="()" line-rate="1" branch-rate="1" complexity="1">
              <lines>
                <line number="16" hits="27" branch="False" />
              </lines>
            </method>
            <method name=".ctor" signature="(VendingMachineApp.Domain.Entities.Coin,System.Collections.Generic.List`1&lt;VendingMachineApp.Domain.Entities.CoinsInfo&gt;)" line-rate="1" branch-rate="1" complexity="1">
              <lines>
                <line number="9" hits="21" branch="False" />
                <line number="10" hits="21" branch="False" />
                <line number="11" hits="21" branch="False" />
                <line number="12" hits="21" branch="False" />
                <line number="13" hits="21" branch="False" />
              </lines>
            </method>
          </methods>
          <lines>
            <line number="15" hits="6" branch="False" />
            <line number="16" hits="27" branch="False" />
            <line number="9" hits="21" branch="False" />
            <line number="10" hits="21" branch="False" />
            <line number="11" hits="21" branch="False" />
            <line number="12" hits="21" branch="False" />
            <line number="13" hits="21" branch="False" />
          </lines>
        </class>
        <class name="VendingMachineApp.Domain.Events.InitializedEvent" filename="source\repos\VendingMachineApp\VendingMachineApp\Domain\Events\InitializedEvent.cs" line-rate="1" branch-rate="1" complexity="4">
          <methods>
            <method name="get_Products" signature="()" line-rate="1" branch-rate="1" complexity="1">
              <lines>
                <line number="16" hits="18" branch="False" />
              </lines>
            </method>
            <method name="get_WalletCoins" signature="()" line-rate="1" branch-rate="1" complexity="1">
              <lines>
                <line number="17" hits="18" branch="False" />
              </lines>
            </method>
            <method name="get_InsertedCoins" signature="()" line-rate="1" branch-rate="1" complexity="1">
              <lines>
                <line number="18" hits="18" branch="False" />
              </lines>
            </method>
            <method name=".ctor" signature="(System.Collections.Generic.List`1&lt;VendingMachineApp.Domain.Entities.Product&gt;,System.Collections.Generic.List`1&lt;VendingMachineApp.Domain.Entities.CoinsInfo&gt;,System.Collections.Generic.List`1&lt;VendingMachineApp.Domain.Entities.CoinsInfo&gt;)" line-rate="1" branch-rate="1" complexity="1">
              <lines>
                <line number="9" hits="15" branch="False" />
                <line number="10" hits="15" branch="False" />
                <line number="11" hits="15" branch="False" />
                <line number="12" hits="15" branch="False" />
                <line number="13" hits="15" branch="False" />
                <line number="14" hits="15" branch="False" />
              </lines>
            </method>
          </methods>
          <lines>
            <line number="16" hits="18" branch="False" />
            <line number="17" hits="18" branch="False" />
            <line number="18" hits="18" branch="False" />
            <line number="9" hits="15" branch="False" />
            <line number="10" hits="15" branch="False" />
            <line number="11" hits="15" branch="False" />
            <line number="12" hits="15" branch="False" />
            <line number="13" hits="15" branch="False" />
            <line number="14" hits="15" branch="False" />
          </lines>
        </class>
        <class name="VendingMachineApp.Domain.Events.ProductSoldEvent" filename="source\repos\VendingMachineApp\VendingMachineApp\Domain\Events\ProductSoldEvent.cs" line-rate="1" branch-rate="1" complexity="6">
          <methods>
            <method name="get_ProductId" signature="()" line-rate="1" branch-rate="1" complexity="1">
              <lines>
                <line number="18" hits="1" branch="False" />
              </lines>
            </method>
            <method name="get_Change" signature="()" line-rate="1" branch-rate="1" complexity="1">
              <lines>
                <line number="20" hits="2" branch="False" />
              </lines>
            </method>
            <method name="get_UpdatedWallet" signature="()" line-rate="1" branch-rate="1" complexity="1">
              <lines>
                <line number="22" hits="3" branch="False" />
              </lines>
            </method>
            <method name="get_UpdatedInsertedCoins" signature="()" line-rate="1" branch-rate="1" complexity="1">
              <lines>
                <line number="24" hits="3" branch="False" />
              </lines>
            </method>
            <method name="get_UpdatedProducts" signature="()" line-rate="1" branch-rate="1" complexity="1">
              <lines>
                <line number="26" hits="3" branch="False" />
              </lines>
            </method>
            <method name=".ctor" signature="(System.Int32,System.Collections.Generic.List`1&lt;VendingMachineApp.Domain.Entities.CoinsInfo&gt;,System.Collections.Generic.List`1&lt;VendingMachineApp.Domain.Entities.CoinsInfo&gt;,System.Collections.Generic.List`1&lt;VendingMachineApp.Domain.Entities.CoinsInfo&gt;,System.Collections.Generic.List`1&lt;VendingMachineApp.Domain.Entities.Product&gt;)" line-rate="1" branch-rate="1" complexity="1">
              <lines>
                <line number="9" hits="2" branch="False" />
                <line number="10" hits="2" branch="False" />
                <line number="11" hits="2" branch="False" />
                <line number="12" hits="2" branch="False" />
                <line number="13" hits="2" branch="False" />
                <line number="14" hits="2" branch="False" />
                <line number="15" hits="2" branch="False" />
                <line number="16" hits="2" branch="False" />
              </lines>
            </method>
          </methods>
          <lines>
            <line number="18" hits="1" branch="False" />
            <line number="20" hits="2" branch="False" />
            <line number="22" hits="3" branch="False" />
            <line number="24" hits="3" branch="False" />
            <line number="26" hits="3" branch="False" />
            <line number="9" hits="2" branch="False" />
            <line number="10" hits="2" branch="False" />
            <line number="11" hits="2" branch="False" />
            <line number="12" hits="2" branch="False" />
            <line number="13" hits="2" branch="False" />
            <line number="14" hits="2" branch="False" />
            <line number="15" hits="2" branch="False" />
            <line number="16" hits="2" branch="False" />
          </lines>
        </class>
        <class name="VendingMachineApp.Domain.Events.PurchaseCanceledEvent" filename="source\repos\VendingMachineApp\VendingMachineApp\Domain\Events\PurchaseCanceledEvent.cs" line-rate="1" branch-rate="1" complexity="2">
          <methods>
            <method name="get_UpdatedInsertedCoins" signature="()" line-rate="1" branch-rate="1" complexity="1">
              <lines>
                <line number="14" hits="3" branch="False" />
              </lines>
            </method>
            <method name=".ctor" signature="(System.Collections.Generic.List`1&lt;VendingMachineApp.Domain.Entities.CoinsInfo&gt;)" line-rate="1" branch-rate="1" complexity="1">
              <lines>
                <line number="9" hits="2" branch="False" />
                <line number="10" hits="2" branch="False" />
                <line number="11" hits="2" branch="False" />
                <line number="12" hits="2" branch="False" />
              </lines>
            </method>
          </methods>
          <lines>
            <line number="14" hits="3" branch="False" />
            <line number="9" hits="2" branch="False" />
            <line number="10" hits="2" branch="False" />
            <line number="11" hits="2" branch="False" />
            <line number="12" hits="2" branch="False" />
          </lines>
        </class>
        <class name="VendingMachineApp.Domain.Entities.Coin" filename="source\repos\VendingMachineApp\VendingMachineApp\Domain\Entities\Coin.cs" line-rate="1" branch-rate="1" complexity="6">
          <methods>
            <method name="get_name" signature="()" line-rate="1" branch-rate="1" complexity="1">
              <lines>
                <line number="10" hits="365" branch="False" />
              </lines>
            </method>
            <method name="get_value" signature="()" line-rate="1" branch-rate="1" complexity="1">
              <lines>
                <line number="11" hits="350" branch="False" />
              </lines>
            </method>
            <method name="ToString" signature="()" line-rate="1" branch-rate="1" complexity="1">
              <lines>
                <line number="25" hits="104" branch="False" />
                <line number="26" hits="104" branch="False" />
                <line number="27" hits="104" branch="False" />
              </lines>
            </method>
            <method name=".ctor" signature="()" line-rate="1" branch-rate="1" complexity="1">
              <lines>
                <line number="13" hits="187" branch="False" />
                <line number="14" hits="187" branch="False" />
                <line number="16" hits="187" branch="False" />
              </lines>
            </method>
            <method name=".ctor" signature="(System.String,System.Decimal)" line-rate="1" branch-rate="1" complexity="1">
              <lines>
                <line number="18" hits="4" branch="False" />
                <line number="19" hits="4" branch="False" />
                <line number="20" hits="4" branch="False" />
                <line number="21" hits="4" branch="False" />
                <line number="22" hits="4" branch="False" />
              </lines>
            </method>
            <method name=".cctor" signature="()" line-rate="1" branch-rate="1" complexity="1">
              <lines>
                <line number="5" hits="1" branch="False" />
                <line number="6" hits="1" branch="False" />
                <line number="7" hits="1" branch="False" />
                <line number="8" hits="1" branch="False" />
              </lines>
            </method>
          </methods>
          <lines>
            <line number="10" hits="365" branch="False" />
            <line number="11" hits="350" branch="False" />
            <line number="25" hits="104" branch="False" />
            <line number="26" hits="104" branch="False" />
            <line number="27" hits="104" branch="False" />
            <line number="13" hits="187" branch="False" />
            <line number="14" hits="187" branch="False" />
            <line number="16" hits="187" branch="False" />
            <line number="18" hits="4" branch="False" />
            <line number="19" hits="4" branch="False" />
            <line number="20" hits="4" branch="False" />
            <line number="21" hits="4" branch="False" />
            <line number="22" hits="4" branch="False" />
            <line number="5" hits="1" branch="False" />
            <line number="6" hits="1" branch="False" />
            <line number="7" hits="1" branch="False" />
            <line number="8" hits="1" branch="False" />
          </lines>
        </class>
        <class name="VendingMachineApp.Domain.Entities.CoinsInfo" filename="source\repos\VendingMachineApp\VendingMachineApp\Domain\Entities\CoinsInfo.cs" line-rate="1" branch-rate="1" complexity="3">
          <methods>
            <method name="get_Coin" signature="()" line-rate="1" branch-rate="1" complexity="1">
              <lines>
                <line number="11" hits="401" branch="False" />
              </lines>
            </method>
            <method name="get_Quantity" signature="()" line-rate="1" branch-rate="1" complexity="1">
              <lines>
                <line number="12" hits="376" branch="False" />
              </lines>
            </method>
            <method name=".ctor" signature="(VendingMachineApp.Domain.Entities.Coin,System.Int32)" line-rate="1" branch-rate="1" complexity="1">
              <lines>
                <line number="5" hits="208" branch="False" />
                <line number="6" hits="208" branch="False" />
                <line number="7" hits="208" branch="False" />
                <line number="8" hits="208" branch="False" />
                <line number="9" hits="208" branch="False" />
              </lines>
            </method>
          </methods>
          <lines>
            <line number="11" hits="401" branch="False" />
            <line number="12" hits="376" branch="False" />
            <line number="5" hits="208" branch="False" />
            <line number="6" hits="208" branch="False" />
            <line number="7" hits="208" branch="False" />
            <line number="8" hits="208" branch="False" />
            <line number="9" hits="208" branch="False" />
          </lines>
        </class>
        <class name="VendingMachineApp.Domain.Entities.Product" filename="source\repos\VendingMachineApp\VendingMachineApp\Domain\Entities\Product.cs" line-rate="1" branch-rate="1" complexity="5">
          <methods>
            <method name="get_Id" signature="()" line-rate="1" branch-rate="1" complexity="1">
              <lines>
                <line number="17" hits="36" branch="False" />
              </lines>
            </method>
            <method name="get_Name" signature="()" line-rate="1" branch-rate="1" complexity="1">
              <lines>
                <line number="19" hits="32" branch="False" />
              </lines>
            </method>
            <method name="get_Price" signature="()" line-rate="1" branch-rate="1" complexity="1">
              <lines>
                <line number="21" hits="35" branch="False" />
              </lines>
            </method>
            <method name="get_Quantity" signature="()" line-rate="1" branch-rate="1" complexity="1">
              <lines>
                <line number="23" hits="100" branch="False" />
              </lines>
            </method>
            <method name=".ctor" signature="(System.Int32,System.String,System.Decimal,System.Int32)" line-rate="1" branch-rate="1" complexity="1">
              <lines>
                <line number="9" hits="64" branch="False" />
                <line number="10" hits="64" branch="False" />
                <line number="11" hits="64" branch="False" />
                <line number="12" hits="64" branch="False" />
                <line number="13" hits="64" branch="False" />
                <line number="14" hits="64" branch="False" />
                <line number="15" hits="64" branch="False" />
              </lines>
            </method>
          </methods>
          <lines>
            <line number="17" hits="36" branch="False" />
            <line number="19" hits="32" branch="False" />
            <line number="21" hits="35" branch="False" />
            <line number="23" hits="100" branch="False" />
            <line number="9" hits="64" branch="False" />
            <line number="10" hits="64" branch="False" />
            <line number="11" hits="64" branch="False" />
            <line number="12" hits="64" branch="False" />
            <line number="13" hits="64" branch="False" />
            <line number="14" hits="64" branch="False" />
            <line number="15" hits="64" branch="False" />
          </lines>
        </class>
        <class name="VendingMachineApp.Domain.Commands.CancelPurchaseCommand" filename="source\repos\VendingMachineApp\VendingMachineApp\Domain\Commands\CancelPurchaseCommand.cs" line-rate="1" branch-rate="1" complexity="1">
          <methods>
            <method name=".ctor" signature="(VendingMachineApp.Domain.VendingMachineId)" line-rate="1" branch-rate="1" complexity="1">
              <lines>
                <line number="11" hits="1" branch="False" />
                <line number="12" hits="1" branch="False" />
                <line number="13" hits="1" branch="False" />
              </lines>
            </method>
          </methods>
          <lines>
            <line number="11" hits="1" branch="False" />
            <line number="12" hits="1" branch="False" />
            <line number="13" hits="1" branch="False" />
          </lines>
        </class>
        <class name="VendingMachineApp.Domain.Commands.CancelPurchaseCommand/CancelPurchaseCommandHandler" filename="source\repos\VendingMachineApp\VendingMachineApp\Domain\Commands\CancelPurchaseCommand.cs" line-rate="1" branch-rate="1" complexity="1">
          <methods>
            <method name="ExecuteCommandAsync" signature="(VendingMachineApp.Domain.VendingMachineAggregate,VendingMachineApp.Domain.Commands.CancelPurchaseCommand,System.Threading.CancellationToken)" line-rate="1" branch-rate="1" complexity="1">
              <lines>
                <line number="18" hits="1" branch="False" />
                <line number="19" hits="1" branch="False" />
                <line number="20" hits="1" branch="False" />
                <line number="21" hits="1" branch="False" />
              </lines>
            </method>
          </methods>
          <lines>
            <line number="18" hits="1" branch="False" />
            <line number="19" hits="1" branch="False" />
            <line number="20" hits="1" branch="False" />
            <line number="21" hits="1" branch="False" />
          </lines>
        </class>
        <class name="VendingMachineApp.Domain.Commands.InitCommand" filename="source\repos\VendingMachineApp\VendingMachineApp\Domain\Commands\InitCommand.cs" line-rate="1" branch-rate="1" complexity="1">
          <methods>
            <method name=".ctor" signature="(VendingMachineApp.Domain.VendingMachineId)" line-rate="1" branch-rate="1" complexity="1">
              <lines>
                <line number="11" hits="3" branch="False" />
                <line number="12" hits="3" branch="False" />
                <line number="13" hits="3" branch="False" />
              </lines>
            </method>
          </methods>
          <lines>
            <line number="11" hits="3" branch="False" />
            <line number="12" hits="3" branch="False" />
            <line number="13" hits="3" branch="False" />
          </lines>
        </class>
        <class name="VendingMachineApp.Domain.Commands.InitCommand/InitCommandHandler" filename="source\repos\VendingMachineApp\VendingMachineApp\Domain\Commands\InitCommand.cs" line-rate="1" branch-rate="1" complexity="1">
          <methods>
            <method name="ExecuteCommandAsync" signature="(VendingMachineApp.Domain.VendingMachineAggregate,VendingMachineApp.Domain.Commands.InitCommand,System.Threading.CancellationToken)" line-rate="1" branch-rate="1" complexity="1">
              <lines>
                <line number="18" hits="3" branch="False" />
                <line number="19" hits="3" branch="False" />
                <line number="20" hits="3" branch="False" />
                <line number="21" hits="3" branch="False" />
              </lines>
            </method>
          </methods>
          <lines>
            <line number="18" hits="3" branch="False" />
            <line number="19" hits="3" branch="False" />
            <line number="20" hits="3" branch="False" />
            <line number="21" hits="3" branch="False" />
          </lines>
        </class>
        <class name="VendingMachineApp.Domain.Commands.InsertCoinCommand" filename="source\repos\VendingMachineApp\VendingMachineApp\Domain\Commands\InsertCoinCommand.cs" line-rate="1" branch-rate="1" complexity="2">
          <methods>
            <method name="get_Coin" signature="()" line-rate="1" branch-rate="1" complexity="1">
              <lines>
                <line number="16" hits="6" branch="False" />
              </lines>
            </method>
            <method name=".ctor" signature="(VendingMachineApp.Domain.VendingMachineId,VendingMachineApp.Domain.Entities.Coin)" line-rate="1" branch-rate="1" complexity="1">
              <lines>
                <line number="11" hits="6" branch="False" />
                <line number="12" hits="6" branch="False" />
                <line number="13" hits="6" branch="False" />
                <line number="14" hits="6" branch="False" />
              </lines>
            </method>
          </methods>
          <lines>
            <line number="16" hits="6" branch="False" />
            <line number="11" hits="6" branch="False" />
            <line number="12" hits="6" branch="False" />
            <line number="13" hits="6" branch="False" />
            <line number="14" hits="6" branch="False" />
          </lines>
        </class>
        <class name="VendingMachineApp.Domain.Commands.InsertCoinCommand/InsertCoinCommandHandler" filename="source\repos\VendingMachineApp\VendingMachineApp\Domain\Commands\InsertCoinCommand.cs" line-rate="1" branch-rate="1" complexity="1">
          <methods>
            <method name="ExecuteCommandAsync" signature="(VendingMachineApp.Domain.VendingMachineAggregate,VendingMachineApp.Domain.Commands.InsertCoinCommand,System.Threading.CancellationToken)" line-rate="1" branch-rate="1" complexity="1">
              <lines>
                <line number="21" hits="6" branch="False" />
                <line number="22" hits="6" branch="False" />
                <line number="23" hits="6" branch="False" />
                <line number="24" hits="6" branch="False" />
              </lines>
            </method>
          </methods>
          <lines>
            <line number="21" hits="6" branch="False" />
            <line number="22" hits="6" branch="False" />
            <line number="23" hits="6" branch="False" />
            <line number="24" hits="6" branch="False" />
          </lines>
        </class>
        <class name="VendingMachineApp.Domain.Commands.SellProductCommand" filename="source\repos\VendingMachineApp\VendingMachineApp\Domain\Commands\SellProductCommand.cs" line-rate="1" branch-rate="1" complexity="2">
          <methods>
            <method name="get_ProductId" signature="()" line-rate="1" branch-rate="1" complexity="1">
              <lines>
                <line number="15" hits="2" branch="False" />
              </lines>
            </method>
            <method name=".ctor" signature="(VendingMachineApp.Domain.VendingMachineId,System.Int32)" line-rate="1" branch-rate="1" complexity="1">
              <lines>
                <line number="10" hits="2" branch="False" />
                <line number="11" hits="2" branch="False" />
                <line number="12" hits="2" branch="False" />
                <line number="13" hits="2" branch="False" />
              </lines>
            </method>
          </methods>
          <lines>
            <line number="15" hits="2" branch="False" />
            <line number="10" hits="2" branch="False" />
            <line number="11" hits="2" branch="False" />
            <line number="12" hits="2" branch="False" />
            <line number="13" hits="2" branch="False" />
          </lines>
        </class>
        <class name="VendingMachineApp.Domain.Commands.SellProductCommand/SellProductCommandHandler" filename="source\repos\VendingMachineApp\VendingMachineApp\Domain\Commands\SellProductCommand.cs" line-rate="1" branch-rate="1" complexity="1">
          <methods>
            <method name="ExecuteCommandAsync" signature="(VendingMachineApp.Domain.VendingMachineAggregate,VendingMachineApp.Domain.Commands.SellProductCommand,System.Threading.CancellationToken)" line-rate="1" branch-rate="1" complexity="1">
              <lines>
                <line number="20" hits="2" branch="False" />
                <line number="21" hits="2" branch="False" />
                <line number="22" hits="2" branch="False" />
                <line number="23" hits="2" branch="False" />
              </lines>
            </method>
          </methods>
          <lines>
            <line number="20" hits="2" branch="False" />
            <line number="21" hits="2" branch="False" />
            <line number="22" hits="2" branch="False" />
            <line number="23" hits="2" branch="False" />
          </lines>
        </class>
      </classes>
    </package>
    <package name="VendingMachineTests" line-rate="0.9937999999999999" branch-rate="1" complexity="22">
      <classes>
        <class name="AutoGeneratedProgram" filename=".nuget\packages\microsoft.net.test.sdk\16.11.0\build\netcoreapp2.1\Microsoft.NET.Test.Sdk.Program.cs" line-rate="0" branch-rate="1" complexity="1">
          <methods>
            <method name="Main" signature="(System.String[])" line-rate="0" branch-rate="1" complexity="1">
              <lines>
                <line number="4" hits="0" branch="False" />
              </lines>
            </method>
          </methods>
          <lines>
            <line number="4" hits="0" branch="False" />
          </lines>
        </class>
        <class name="VendingMachineTests.Tests" filename="source\repos\VendingMachineApp\VendingMachineTests\UnitTest1.cs" line-rate="1" branch-rate="1" complexity="1">
          <methods>
            <method name="Setup" signature="()" line-rate="1" branch-rate="1" complexity="1">
              <lines>
                <line number="25" hits="3" branch="False" />
                <line number="26" hits="3" branch="False" />
              </lines>
            </method>
          </methods>
          <lines>
            <line number="25" hits="3" branch="False" />
            <line number="26" hits="3" branch="False" />
          </lines>
        </class>
        <class name="VendingMachineTests.Tests/&lt;&gt;c" filename="source\repos\VendingMachineApp\VendingMachineTests\UnitTest1.cs" line-rate="1" branch-rate="1" complexity="16">
          <methods>
            <method name="&lt;SellProduct_WhenCalled_ThenChangeAndProductShouldBeUpdated&gt;b__2_1" signature="(VendingMachineApp.ReadModel.Models.CoinsInfoModel)" line-rate="1" branch-rate="1" complexity="1">
              <lines>
                <line number="161" hits="3" branch="False" />
              </lines>
            </method>
            <method name="&lt;SellProduct_WhenCalled_ThenChangeAndProductShouldBeUpdated&gt;b__2_2" signature="(VendingMachineApp.ReadModel.Models.CoinsInfoModel)" line-rate="1" branch-rate="1" complexity="1">
              <lines>
                <line number="163" hits="4" branch="False" />
              </lines>
            </method>
            <method name="&lt;SellProduct_WhenCalled_ThenChangeAndProductShouldBeUpdated&gt;b__2_3" signature="(VendingMachineApp.ReadModel.Models.CoinsInfoModel)" line-rate="1" branch-rate="1" complexity="1">
              <lines>
                <line number="165" hits="2" branch="False" />
              </lines>
            </method>
            <method name="&lt;SellProduct_WhenCalled_ThenChangeAndProductShouldBeUpdated&gt;b__2_4" signature="(VendingMachineApp.ReadModel.Models.CoinsInfoModel)" line-rate="1" branch-rate="1" complexity="1">
              <lines>
                <line number="167" hits="5" branch="False" />
              </lines>
            </method>
            <method name="&lt;SellProduct_WhenCalled_ThenChangeAndProductShouldBeUpdated&gt;b__2_5" signature="(VendingMachineApp.ReadModel.Models.CoinsInfoModel)" line-rate="1" branch-rate="1" complexity="1">
              <lines>
                <line number="172" hits="4" branch="False" />
              </lines>
            </method>
            <method name="&lt;SellProduct_WhenCalled_ThenChangeAndProductShouldBeUpdated&gt;b__2_6" signature="(VendingMachineApp.ReadModel.Models.CoinsInfoModel)" line-rate="1" branch-rate="1" complexity="1">
              <lines>
                <line number="174" hits="3" branch="False" />
              </lines>
            </method>
            <method name="&lt;SellProduct_WhenCalled_ThenChangeAndProductShouldBeUpdated&gt;b__2_7" signature="(VendingMachineApp.ReadModel.Models.CoinsInfoModel)" line-rate="1" branch-rate="1" complexity="1">
              <lines>
                <line number="176" hits="5" branch="False" />
              </lines>
            </method>
            <method name="&lt;SellProduct_WhenCalled_ThenChangeAndProductShouldBeUpdated&gt;b__2_8" signature="(VendingMachineApp.ReadModel.Models.CoinsInfoModel)" line-rate="1" branch-rate="1" complexity="1">
              <lines>
                <line number="178" hits="2" branch="False" />
              </lines>
            </method>
            <method name="&lt;SellProduct_WhenCalled_ThenChangeAndProductShouldBeUpdated&gt;b__2_9" signature="(VendingMachineApp.ReadModel.Models.CoinsInfoModel)" line-rate="1" branch-rate="1" complexity="1">
              <lines>
                <line number="184" hits="3" branch="False" />
              </lines>
            </method>
            <method name="&lt;SellProduct_WhenCalled_ThenChangeAndProductShouldBeUpdated&gt;b__2_10" signature="(VendingMachineApp.ReadModel.Models.CoinsInfoModel)" line-rate="1" branch-rate="1" complexity="1">
              <lines>
                <line number="186" hits="4" branch="False" />
              </lines>
            </method>
            <method name="&lt;SellProduct_WhenCalled_ThenChangeAndProductShouldBeUpdated&gt;b__2_11" signature="(VendingMachineApp.ReadModel.Models.CoinsInfoModel)" line-rate="1" branch-rate="1" complexity="1">
              <lines>
                <line number="188" hits="2" branch="False" />
              </lines>
            </method>
            <method name="&lt;SellProduct_WhenCalled_ThenChangeAndProductShouldBeUpdated&gt;b__2_12" signature="(VendingMachineApp.ReadModel.Models.CoinsInfoModel)" line-rate="1" branch-rate="1" complexity="1">
              <lines>
                <line number="190" hits="5" branch="False" />
              </lines>
            </method>
            <method name="&lt;CancelPurchase_WhenCalled_ThenInsertCoinsShouldBeEmpty&gt;b__3_0" signature="(VendingMachineApp.ReadModel.Models.CoinsInfoModel)" line-rate="1" branch-rate="1" complexity="1">
              <lines>
                <line number="263" hits="3" branch="False" />
              </lines>
            </method>
            <method name="&lt;CancelPurchase_WhenCalled_ThenInsertCoinsShouldBeEmpty&gt;b__3_1" signature="(VendingMachineApp.ReadModel.Models.CoinsInfoModel)" line-rate="1" branch-rate="1" complexity="1">
              <lines>
                <line number="265" hits="4" branch="False" />
              </lines>
            </method>
            <method name="&lt;CancelPurchase_WhenCalled_ThenInsertCoinsShouldBeEmpty&gt;b__3_2" signature="(VendingMachineApp.ReadModel.Models.CoinsInfoModel)" line-rate="1" branch-rate="1" complexity="1">
              <lines>
                <line number="267" hits="2" branch="False" />
              </lines>
            </method>
            <method name="&lt;CancelPurchase_WhenCalled_ThenInsertCoinsShouldBeEmpty&gt;b__3_3" signature="(VendingMachineApp.ReadModel.Models.CoinsInfoModel)" line-rate="1" branch-rate="1" complexity="1">
              <lines>
                <line number="269" hits="5" branch="False" />
              </lines>
            </method>
          </methods>
          <lines>
            <line number="161" hits="3" branch="False" />
            <line number="163" hits="4" branch="False" />
            <line number="165" hits="2" branch="False" />
            <line number="167" hits="5" branch="False" />
            <line number="172" hits="4" branch="False" />
            <line number="174" hits="3" branch="False" />
            <line number="176" hits="5" branch="False" />
            <line number="178" hits="2" branch="False" />
            <line number="184" hits="3" branch="False" />
            <line number="186" hits="4" branch="False" />
            <line number="188" hits="2" branch="False" />
            <line number="190" hits="5" branch="False" />
            <line number="263" hits="3" branch="False" />
            <line number="265" hits="4" branch="False" />
            <line number="267" hits="2" branch="False" />
            <line number="269" hits="5" branch="False" />
          </lines>
        </class>
        <class name="VendingMachineTests.Tests/&lt;&gt;c__DisplayClass2_0" filename="source\repos\VendingMachineApp\VendingMachineTests\UnitTest1.cs" line-rate="1" branch-rate="1" complexity="1">
          <methods>
            <method name="&lt;SellProduct_WhenCalled_ThenChangeAndProductShouldBeUpdated&gt;b__0" signature="(VendingMachineApp.ReadModel.Models.ProductModel)" line-rate="1" branch-rate="1" complexity="1">
              <lines>
                <line number="157" hits="2" branch="False" />
              </lines>
            </method>
          </methods>
          <lines>
            <line number="157" hits="2" branch="False" />
          </lines>
        </class>
        <class name="VendingMachineTests.Tests/&lt;CancelPurchase_WhenCalled_ThenInsertCoinsShouldBeEmpty&gt;d__3" filename="source\repos\VendingMachineApp\VendingMachineTests\UnitTest1.cs" line-rate="1" branch-rate="1" complexity="1">
          <methods>
            <method name="MoveNext" signature="()" line-rate="1" branch-rate="1" complexity="1">
              <lines>
                <line number="197" hits="1" branch="False" />
                <line number="198" hits="1" branch="False" />
                <line number="199" hits="1" branch="False" />
                <line number="200" hits="1" branch="False" />
                <line number="201" hits="1" branch="False" />
                <line number="202" hits="1" branch="False" />
                <line number="203" hits="1" branch="False" />
                <line number="204" hits="1" branch="False" />
                <line number="205" hits="1" branch="False" />
                <line number="206" hits="1" branch="False" />
                <line number="207" hits="1" branch="False" />
                <line number="208" hits="1" branch="False" />
                <line number="209" hits="1" branch="False" />
                <line number="210" hits="1" branch="False" />
                <line number="212" hits="1" branch="False" />
                <line number="216" hits="1" branch="False" />
                <line number="217" hits="1" branch="False" />
                <line number="218" hits="1" branch="False" />
                <line number="219" hits="1" branch="False" />
                <line number="221" hits="1" branch="False" />
                <line number="225" hits="1" branch="False" />
                <line number="226" hits="1" branch="False" />
                <line number="227" hits="1" branch="False" />
                <line number="228" hits="1" branch="False" />
                <line number="230" hits="1" branch="False" />
                <line number="234" hits="1" branch="False" />
                <line number="235" hits="1" branch="False" />
                <line number="236" hits="1" branch="False" />
                <line number="237" hits="1" branch="False" />
                <line number="239" hits="1" branch="False" />
                <line number="244" hits="1" branch="False" />
                <line number="245" hits="1" branch="False" />
                <line number="246" hits="1" branch="False" />
                <line number="247" hits="1" branch="False" />
                <line number="249" hits="1" branch="False" />
                <line number="253" hits="1" branch="False" />
                <line number="254" hits="1" branch="False" />
                <line number="255" hits="1" branch="False" />
                <line number="256" hits="1" branch="False" />
                <line number="257" hits="1" branch="False" />
                <line number="259" hits="1" branch="False" />
                <line number="264" hits="1" branch="False" />
                <line number="266" hits="1" branch="False" />
                <line number="268" hits="1" branch="False" />
                <line number="270" hits="1" branch="False" />
                <line number="271" hits="1" branch="False" />
                <line number="272" hits="1" branch="False" />
              </lines>
            </method>
          </methods>
          <lines>
            <line number="197" hits="1" branch="False" />
            <line number="198" hits="1" branch="False" />
            <line number="199" hits="1" branch="False" />
            <line number="200" hits="1" branch="False" />
            <line number="201" hits="1" branch="False" />
            <line number="202" hits="1" branch="False" />
            <line number="203" hits="1" branch="False" />
            <line number="204" hits="1" branch="False" />
            <line number="205" hits="1" branch="False" />
            <line number="206" hits="1" branch="False" />
            <line number="207" hits="1" branch="False" />
            <line number="208" hits="1" branch="False" />
            <line number="209" hits="1" branch="False" />
            <line number="210" hits="1" branch="False" />
            <line number="212" hits="1" branch="False" />
            <line number="216" hits="1" branch="False" />
            <line number="217" hits="1" branch="False" />
            <line number="218" hits="1" branch="False" />
            <line number="219" hits="1" branch="False" />
            <line number="221" hits="1" branch="False" />
            <line number="225" hits="1" branch="False" />
            <line number="226" hits="1" branch="False" />
            <line number="227" hits="1" branch="False" />
            <line number="228" hits="1" branch="False" />
            <line number="230" hits="1" branch="False" />
            <line number="234" hits="1" branch="False" />
            <line number="235" hits="1" branch="False" />
            <line number="236" hits="1" branch="False" />
            <line number="237" hits="1" branch="False" />
            <line number="239" hits="1" branch="False" />
            <line number="244" hits="1" branch="False" />
            <line number="245" hits="1" branch="False" />
            <line number="246" hits="1" branch="False" />
            <line number="247" hits="1" branch="False" />
            <line number="249" hits="1" branch="False" />
            <line number="253" hits="1" branch="False" />
            <line number="254" hits="1" branch="False" />
            <line number="255" hits="1" branch="False" />
            <line number="256" hits="1" branch="False" />
            <line number="257" hits="1" branch="False" />
            <line number="259" hits="1" branch="False" />
            <line number="264" hits="1" branch="False" />
            <line number="266" hits="1" branch="False" />
            <line number="268" hits="1" branch="False" />
            <line number="270" hits="1" branch="False" />
            <line number="271" hits="1" branch="False" />
            <line number="272" hits="1" branch="False" />
          </lines>
        </class>
        <class name="VendingMachineTests.Tests/&lt;SellProduct_WhenCalled_ThenChangeAndProductShouldBeUpdated&gt;d__2" filename="source\repos\VendingMachineApp\VendingMachineTests\UnitTest1.cs" line-rate="1" branch-rate="1" complexity="1">
          <methods>
            <method name="MoveNext" signature="()" line-rate="1" branch-rate="1" complexity="1">
              <lines>
                <line number="90" hits="1" branch="False" />
                <line number="91" hits="1" branch="False" />
                <line number="92" hits="1" branch="False" />
                <line number="93" hits="1" branch="False" />
                <line number="94" hits="1" branch="False" />
                <line number="95" hits="1" branch="False" />
                <line number="96" hits="1" branch="False" />
                <line number="97" hits="1" branch="False" />
                <line number="98" hits="1" branch="False" />
                <line number="99" hits="1" branch="False" />
                <line number="100" hits="1" branch="False" />
                <line number="101" hits="1" branch="False" />
                <line number="102" hits="1" branch="False" />
                <line number="103" hits="1" branch="False" />
                <line number="105" hits="1" branch="False" />
                <line number="109" hits="1" branch="False" />
                <line number="110" hits="1" branch="False" />
                <line number="111" hits="1" branch="False" />
                <line number="112" hits="1" branch="False" />
                <line number="114" hits="1" branch="False" />
                <line number="118" hits="1" branch="False" />
                <line number="119" hits="1" branch="False" />
                <line number="120" hits="1" branch="False" />
                <line number="121" hits="1" branch="False" />
                <line number="123" hits="1" branch="False" />
                <line number="127" hits="1" branch="False" />
                <line number="128" hits="1" branch="False" />
                <line number="129" hits="1" branch="False" />
                <line number="130" hits="1" branch="False" />
                <line number="132" hits="1" branch="False" />
                <line number="137" hits="1" branch="False" />
                <line number="138" hits="1" branch="False" />
                <line number="139" hits="1" branch="False" />
                <line number="140" hits="1" branch="False" />
                <line number="141" hits="1" branch="False" />
                <line number="143" hits="1" branch="False" />
                <line number="148" hits="1" branch="False" />
                <line number="149" hits="1" branch="False" />
                <line number="150" hits="1" branch="False" />
                <line number="151" hits="1" branch="False" />
                <line number="152" hits="1" branch="False" />
                <line number="154" hits="1" branch="False" />
                <line number="162" hits="1" branch="False" />
                <line number="164" hits="1" branch="False" />
                <line number="166" hits="1" branch="False" />
                <line number="168" hits="1" branch="False" />
                <line number="173" hits="1" branch="False" />
                <line number="175" hits="1" branch="False" />
                <line number="177" hits="1" branch="False" />
                <line number="179" hits="1" branch="False" />
                <line number="185" hits="1" branch="False" />
                <line number="187" hits="1" branch="False" />
                <line number="189" hits="1" branch="False" />
                <line number="191" hits="1" branch="False" />
                <line number="192" hits="1" branch="False" />
                <line number="193" hits="1" branch="False" />
              </lines>
            </method>
          </methods>
          <lines>
            <line number="90" hits="1" branch="False" />
            <line number="91" hits="1" branch="False" />
            <line number="92" hits="1" branch="False" />
            <line number="93" hits="1" branch="False" />
            <line number="94" hits="1" branch="False" />
            <line number="95" hits="1" branch="False" />
            <line number="96" hits="1" branch="False" />
            <line number="97" hits="1" branch="False" />
            <line number="98" hits="1" branch="False" />
            <line number="99" hits="1" branch="False" />
            <line number="100" hits="1" branch="False" />
            <line number="101" hits="1" branch="False" />
            <line number="102" hits="1" branch="False" />
            <line number="103" hits="1" branch="False" />
            <line number="105" hits="1" branch="False" />
            <line number="109" hits="1" branch="False" />
            <line number="110" hits="1" branch="False" />
            <line number="111" hits="1" branch="False" />
            <line number="112" hits="1" branch="False" />
            <line number="114" hits="1" branch="False" />
            <line number="118" hits="1" branch="False" />
            <line number="119" hits="1" branch="False" />
            <line number="120" hits="1" branch="False" />
            <line number="121" hits="1" branch="False" />
            <line number="123" hits="1" branch="False" />
            <line number="127" hits="1" branch="False" />
            <line number="128" hits="1" branch="False" />
            <line number="129" hits="1" branch="False" />
            <line number="130" hits="1" branch="False" />
            <line number="132" hits="1" branch="False" />
            <line number="137" hits="1" branch="False" />
            <line number="138" hits="1" branch="False" />
            <line number="139" hits="1" branch="False" />
            <line number="140" hits="1" branch="False" />
            <line number="141" hits="1" branch="False" />
            <line number="143" hits="1" branch="False" />
            <line number="148" hits="1" branch="False" />
            <line number="149" hits="1" branch="False" />
            <line number="150" hits="1" branch="False" />
            <line number="151" hits="1" branch="False" />
            <line number="152" hits="1" branch="False" />
            <line number="154" hits="1" branch="False" />
            <line number="162" hits="1" branch="False" />
            <line number="164" hits="1" branch="False" />
            <line number="166" hits="1" branch="False" />
            <line number="168" hits="1" branch="False" />
            <line number="173" hits="1" branch="False" />
            <line number="175" hits="1" branch="False" />
            <line number="177" hits="1" branch="False" />
            <line number="179" hits="1" branch="False" />
            <line number="185" hits="1" branch="False" />
            <line number="187" hits="1" branch="False" />
            <line number="189" hits="1" branch="False" />
            <line number="191" hits="1" branch="False" />
            <line number="192" hits="1" branch="False" />
            <line number="193" hits="1" branch="False" />
          </lines>
        </class>
        <class name="VendingMachineTests.Tests/&lt;SellProduct_WhenInsertedMoneyIsLessThanProductPrice_ThenReturnExecutionFailed&gt;d__1" filename="source\repos\VendingMachineApp\VendingMachineTests\UnitTest1.cs" line-rate="1" branch-rate="1" complexity="1">
          <methods>
            <method name="MoveNext" signature="()" line-rate="1" branch-rate="1" complexity="1">
              <lines>
                <line number="30" hits="1" branch="False" />
                <line number="31" hits="1" branch="False" />
                <line number="32" hits="1" branch="False" />
                <line number="33" hits="1" branch="False" />
                <line number="34" hits="1" branch="False" />
                <line number="35" hits="1" branch="False" />
                <line number="36" hits="1" branch="False" />
                <line number="37" hits="1" branch="False" />
                <line number="38" hits="1" branch="False" />
                <line number="39" hits="1" branch="False" />
                <line number="40" hits="1" branch="False" />
                <line number="41" hits="1" branch="False" />
                <line number="42" hits="1" branch="False" />
                <line number="43" hits="1" branch="False" />
                <line number="45" hits="1" branch="False" />
                <line number="49" hits="1" branch="False" />
                <line number="50" hits="1" branch="False" />
                <line number="51" hits="1" branch="False" />
                <line number="52" hits="1" branch="False" />
                <line number="54" hits="1" branch="False" />
                <line number="58" hits="1" branch="False" />
                <line number="59" hits="1" branch="False" />
                <line number="60" hits="1" branch="False" />
                <line number="61" hits="1" branch="False" />
                <line number="63" hits="1" branch="False" />
                <line number="67" hits="1" branch="False" />
                <line number="68" hits="1" branch="False" />
                <line number="69" hits="1" branch="False" />
                <line number="70" hits="1" branch="False" />
                <line number="72" hits="1" branch="False" />
                <line number="77" hits="1" branch="False" />
                <line number="78" hits="1" branch="False" />
                <line number="79" hits="1" branch="False" />
                <line number="80" hits="1" branch="False" />
                <line number="81" hits="1" branch="False" />
                <line number="83" hits="1" branch="False" />
                <line number="84" hits="1" branch="False" />
                <line number="85" hits="1" branch="False" />
                <line number="86" hits="1" branch="False" />
              </lines>
            </method>
          </methods>
          <lines>
            <line number="30" hits="1" branch="False" />
            <line number="31" hits="1" branch="False" />
            <line number="32" hits="1" branch="False" />
            <line number="33" hits="1" branch="False" />
            <line number="34" hits="1" branch="False" />
            <line number="35" hits="1" branch="False" />
            <line number="36" hits="1" branch="False" />
            <line number="37" hits="1" branch="False" />
            <line number="38" hits="1" branch="False" />
            <line number="39" hits="1" branch="False" />
            <line number="40" hits="1" branch="False" />
            <line number="41" hits="1" branch="False" />
            <line number="42" hits="1" branch="False" />
            <line number="43" hits="1" branch="False" />
            <line number="45" hits="1" branch="False" />
            <line number="49" hits="1" branch="False" />
            <line number="50" hits="1" branch="False" />
            <line number="51" hits="1" branch="False" />
            <line number="52" hits="1" branch="False" />
            <line number="54" hits="1" branch="False" />
            <line number="58" hits="1" branch="False" />
            <line number="59" hits="1" branch="False" />
            <line number="60" hits="1" branch="False" />
            <line number="61" hits="1" branch="False" />
            <line number="63" hits="1" branch="False" />
            <line number="67" hits="1" branch="False" />
            <line number="68" hits="1" branch="False" />
            <line number="69" hits="1" branch="False" />
            <line number="70" hits="1" branch="False" />
            <line number="72" hits="1" branch="False" />
            <line number="77" hits="1" branch="False" />
            <line number="78" hits="1" branch="False" />
            <line number="79" hits="1" branch="False" />
            <line number="80" hits="1" branch="False" />
            <line number="81" hits="1" branch="False" />
            <line number="83" hits="1" branch="False" />
            <line number="84" hits="1" branch="False" />
            <line number="85" hits="1" branch="False" />
            <line number="86" hits="1" branch="False" />
          </lines>
        </class>
      </classes>
    </package>
  </packages>
</coverage>